<?xml version="1.0" encoding="UTF-8"?>
<testsuite xmlns:xsi="http://www.w3.org/2001/XMLSchema-instance" xsi:noNamespaceSchemaLocation="https://maven.apache.org/surefire/maven-surefire-plugin/xsd/surefire-test-report.xsd" name="han.adp.dnq.DivideAndConquerTest" time="0.044" tests="1" errors="0" skipped="0" failures="0">
  <properties>
    <property name="java.specification.version" value="15"/>
    <property name="sun.jnu.encoding" value="UTF-8"/>
    <property name="java.class.path" value="/home/wouterhummelink/Documents/HAN/ASD-Work/adp_divide_n_conquer/target/test-classes:/home/wouterhummelink/Documents/HAN/ASD-Work/adp_divide_n_conquer/target/classes:/home/wouterhummelink/.m2/repository/junit/junit/4.11/junit-4.11.jar:/home/wouterhummelink/.m2/repository/org/hamcrest/hamcrest-core/1.3/hamcrest-core-1.3.jar:/home/wouterhummelink/.m2/repository/org/projectlombok/lombok/1.18.12/lombok-1.18.12.jar:"/>
    <property name="java.vm.vendor" value="Red Hat, Inc."/>
    <property name="sun.arch.data.model" value="64"/>
    <property name="java.vendor.url" value="https://www.redhat.com/"/>
    <property name="os.name" value="Linux"/>
    <property name="java.vm.specification.version" value="15"/>
    <property name="sun.java.launcher" value="SUN_STANDARD"/>
    <property name="user.country" value="US"/>
    <property name="sun.boot.library.path" value="/usr/lib/jvm/java-15-openjdk-15.0.0.36-1.rolling.fc32.x86_64/lib"/>
    <property name="sun.java.command" value="/home/wouterhummelink/Documents/HAN/ASD-Work/adp_divide_n_conquer/target/surefire/surefirebooter11243336063789112819.jar /home/wouterhummelink/Documents/HAN/ASD-Work/adp_divide_n_conquer/target/surefire 2020-10-08T20-15-55_834-jvmRun1 surefire11010358825919716313tmp surefire_08436590358021900195tmp"/>
    <property name="jdk.debug" value="release"/>
    <property name="surefire.test.class.path" value="/home/wouterhummelink/Documents/HAN/ASD-Work/adp_divide_n_conquer/target/test-classes:/home/wouterhummelink/Documents/HAN/ASD-Work/adp_divide_n_conquer/target/classes:/home/wouterhummelink/.m2/repository/junit/junit/4.11/junit-4.11.jar:/home/wouterhummelink/.m2/repository/org/hamcrest/hamcrest-core/1.3/hamcrest-core-1.3.jar:/home/wouterhummelink/.m2/repository/org/projectlombok/lombok/1.18.12/lombok-1.18.12.jar:"/>
    <property name="sun.cpu.endian" value="little"/>
    <property name="user.home" value="/home/wouterhummelink"/>
    <property name="user.language" value="en"/>
    <property name="java.specification.vendor" value="Oracle Corporation"/>
    <property name="java.version.date" value="2020-09-15"/>
    <property name="java.home" value="/usr/lib/jvm/java-15-openjdk-15.0.0.36-1.rolling.fc32.x86_64"/>
    <property name="file.separator" value="/"/>
    <property name="basedir" value="/home/wouterhummelink/Documents/HAN/ASD-Work/adp_divide_n_conquer"/>
    <property name="java.vm.compressedOopsMode" value="Zero based"/>
    <property name="line.separator" value="&#10;"/>
    <property name="java.vm.specification.vendor" value="Oracle Corporation"/>
    <property name="java.specification.name" value="Java Platform API Specification"/>
    <property name="surefire.real.class.path" value="/home/wouterhummelink/Documents/HAN/ASD-Work/adp_divide_n_conquer/target/surefire/surefirebooter11243336063789112819.jar"/>
    <property name="sun.management.compiler" value="HotSpot 64-Bit Tiered Compilers"/>
    <property name="java.runtime.version" value="15+36"/>
    <property name="user.name" value="wouterhummelink"/>
    <property name="path.separator" value=":"/>
    <property name="os.version" value="5.8.9-200.fc32.x86_64"/>
    <property name="java.runtime.name" value="OpenJDK Runtime Environment"/>
    <property name="file.encoding" value="UTF-8"/>
    <property name="java.vm.name" value="OpenJDK 64-Bit Server VM"/>
    <property name="java.vendor.version" value="20.9"/>
    <property name="localRepository" value="/home/wouterhummelink/.m2/repository"/>
    <property name="java.vendor.url.bug" value="https://bugzilla.redhat.com/enter_bug.cgi?product=Fedora&amp;component=java-latest-openjdk&amp;version=32"/>
    <property name="java.io.tmpdir" value="/tmp"/>
    <property name="java.version" value="15"/>
    <property name="user.dir" value="/home/wouterhummelink/Documents/HAN/ASD-Work/adp_divide_n_conquer"/>
    <property name="os.arch" value="amd64"/>
    <property name="java.vm.specification.name" value="Java Virtual Machine Specification"/>
    <property name="java.library.path" value="/usr/java/packages/lib:/usr/lib64:/lib64:/lib:/usr/lib"/>
    <property name="java.vm.info" value="mixed mode, sharing"/>
    <property name="java.vendor" value="Red Hat, Inc."/>
    <property name="java.vm.version" value="15+36"/>
    <property name="sun.io.unicode.encoding" value="UnicodeLittle"/>
    <property name="java.class.version" value="59.0"/>
  </properties>
  <testcase name="subArrayTest" classname="han.adp.dnq.DivideAndConquerTest" time="0.004"/>
</testsuite>